<testsuite errors="1" failures="0" name="Django Project Tests" skips="0" tests="7" time="0.033"><testcase classname="GUI.tests.viewTest" name="test_analyse_view_url_exists_at_desired_location6" time="0.005766"><error message="analyseHTML() missing 1 required positional argument: 'context'" type="builtins.TypeError">Traceback (most recent call last):
  File "/home/ubuntu/Bureau/cours/2eme année/factory/projet/baml/GUI/tests.py", line 38, in test_analyse_view_url_exists_at_desired_location6
    response = self.client.get('/analyze/')
  File "/home/ubuntu/Bureau/cours/2eme année/factory/projet/BAMLenv/lib/python3.6/site-packages/django/test/client.py", line 733, in get
    response = super().get(path, data=data, secure=secure, **extra)
  File "/home/ubuntu/Bureau/cours/2eme année/factory/projet/BAMLenv/lib/python3.6/site-packages/django/test/client.py", line 395, in get
    **extra,
  File "/home/ubuntu/Bureau/cours/2eme année/factory/projet/BAMLenv/lib/python3.6/site-packages/django/test/client.py", line 470, in generic
    return self.request(**r)
  File "/home/ubuntu/Bureau/cours/2eme année/factory/projet/BAMLenv/lib/python3.6/site-packages/django/test/client.py", line 710, in request
    self.check_exception(response)
  File "/home/ubuntu/Bureau/cours/2eme année/factory/projet/BAMLenv/lib/python3.6/site-packages/django/test/client.py", line 571, in check_exception
    raise exc_value
  File "/home/ubuntu/Bureau/cours/2eme année/factory/projet/BAMLenv/lib/python3.6/site-packages/django/core/handlers/exception.py", line 47, in inner
    response = get_response(request)
  File "/home/ubuntu/Bureau/cours/2eme année/factory/projet/BAMLenv/lib/python3.6/site-packages/django/core/handlers/base.py", line 179, in _get_response
    response = wrapped_callback(request, *callback_args, **callback_kwargs)
TypeError: analyseHTML() missing 1 required positional argument: 'context'
</error></testcase><testcase classname="GUI.tests.viewTest" name="test_application_view_url_exists_at_desired_location" time="0.007252" /><testcase classname="GUI.tests.viewTest" name="test_home_view_url_exists_at_desired_location" time="0.001986" /><testcase classname="GUI.tests.viewTest" name="test_mentions_legales_view_url_exists_at_desired_location" time="0.001732" /><testcase classname="GUI.tests.viewTest" name="test_page_is_not_found" time="0.001920" /><testcase classname="GUI.tests.viewTest" name="test_plan_du_site_view_url_exists_at_desired_location4" time="0.002322" /><testcase classname="GUI.tests.viewTest" name="test_qui_sommes_nous_view_url_exists_at_desired_location5" time="0.002274" /></testsuite>